==5973== Memcheck, a memory error detector
==5973== Copyright (C) 2002-2017, and GNU GPL'd, by Julian Seward et al.
==5973== Using Valgrind-3.18.1 and LibVEX; rerun with -h for copyright info
==5973== Command: ./programa-principal ../../dataset-fase-1/com_erros ../../inputs_fase1.txt
==5973== Parent PID: 3221
==5973== 
==5973== 
==5973== HEAP SUMMARY:
==5973==     in use at exit: 18,804 bytes in 9 blocks
==5973==   total heap usage: 262,694,109 allocs, 262,694,100 frees, 5,564,223,155 bytes allocated
==5973== 
==5973== 4 bytes in 1 blocks are still reachable in loss record 1 of 9
==5973==    at 0x4848899: malloc (in /usr/libexec/valgrind/vgpreload_memcheck-amd64-linux.so)
==5973==    by 0x490F923: ??? (in /usr/lib/x86_64-linux-gnu/libglib-2.0.so.0.7200.4)
==5973==    by 0x490F9BD: g_private_get (in /usr/lib/x86_64-linux-gnu/libglib-2.0.so.0.7200.4)
==5973==    by 0x48E0B53: g_slice_alloc (in /usr/lib/x86_64-linux-gnu/libglib-2.0.so.0.7200.4)
==5973==    by 0x48AE501: g_hash_table_new_full (in /usr/lib/x86_64-linux-gnu/libglib-2.0.so.0.7200.4)
==5973==    by 0x48C9B62: ??? (in /usr/lib/x86_64-linux-gnu/libglib-2.0.so.0.7200.4)
==5973==    by 0x4889BA8: ??? (in /usr/lib/x86_64-linux-gnu/libglib-2.0.so.0.7200.4)
==5973==    by 0x400647D: call_init.part.0 (dl-init.c:70)
==5973==    by 0x4006567: call_init (dl-init.c:33)
==5973==    by 0x4006567: _dl_init (dl-init.c:117)
==5973==    by 0x40202C9: ??? (in /usr/lib/x86_64-linux-gnu/ld-linux-x86-64.so.2)
==5973==    by 0x2: ???
==5973==    by 0x1FFF0002E6: ???
==5973== 
==5973== 32 bytes in 1 blocks are still reachable in loss record 2 of 9
==5973==    at 0x484DA83: calloc (in /usr/libexec/valgrind/vgpreload_memcheck-amd64-linux.so)
==5973==    by 0x48C9C50: g_malloc0 (in /usr/lib/x86_64-linux-gnu/libglib-2.0.so.0.7200.4)
==5973==    by 0x48AB16E: ??? (in /usr/lib/x86_64-linux-gnu/libglib-2.0.so.0.7200.4)
==5973==    by 0x48AE540: g_hash_table_new_full (in /usr/lib/x86_64-linux-gnu/libglib-2.0.so.0.7200.4)
==5973==    by 0x48C9B62: ??? (in /usr/lib/x86_64-linux-gnu/libglib-2.0.so.0.7200.4)
==5973==    by 0x4889BA8: ??? (in /usr/lib/x86_64-linux-gnu/libglib-2.0.so.0.7200.4)
==5973==    by 0x400647D: call_init.part.0 (dl-init.c:70)
==5973==    by 0x4006567: call_init (dl-init.c:33)
==5973==    by 0x4006567: _dl_init (dl-init.c:117)
==5973==    by 0x40202C9: ??? (in /usr/lib/x86_64-linux-gnu/ld-linux-x86-64.so.2)
==5973==    by 0x2: ???
==5973==    by 0x1FFF0002E6: ???
==5973==    by 0x1FFF0002FB: ???
==5973== 
==5973== 32 bytes in 1 blocks are still reachable in loss record 3 of 9
==5973==    at 0x484DA83: calloc (in /usr/libexec/valgrind/vgpreload_memcheck-amd64-linux.so)
==5973==    by 0x48C9C50: g_malloc0 (in /usr/lib/x86_64-linux-gnu/libglib-2.0.so.0.7200.4)
==5973==    by 0x48AB16E: ??? (in /usr/lib/x86_64-linux-gnu/libglib-2.0.so.0.7200.4)
==5973==    by 0x48AE540: g_hash_table_new_full (in /usr/lib/x86_64-linux-gnu/libglib-2.0.so.0.7200.4)
==5973==    by 0x4889BB1: ??? (in /usr/lib/x86_64-linux-gnu/libglib-2.0.so.0.7200.4)
==5973==    by 0x400647D: call_init.part.0 (dl-init.c:70)
==5973==    by 0x4006567: call_init (dl-init.c:33)
==5973==    by 0x4006567: _dl_init (dl-init.c:117)
==5973==    by 0x40202C9: ??? (in /usr/lib/x86_64-linux-gnu/ld-linux-x86-64.so.2)
==5973==    by 0x2: ???
==5973==    by 0x1FFF0002E6: ???
==5973==    by 0x1FFF0002FB: ???
==5973==    by 0x1FFF00031A: ???
==5973== 
==5973== 64 bytes in 1 blocks are still reachable in loss record 4 of 9
==5973==    at 0x48487A9: malloc (in /usr/libexec/valgrind/vgpreload_memcheck-amd64-linux.so)
==5973==    by 0x48C9D7F: g_realloc (in /usr/lib/x86_64-linux-gnu/libglib-2.0.so.0.7200.4)
==5973==    by 0x48AB159: ??? (in /usr/lib/x86_64-linux-gnu/libglib-2.0.so.0.7200.4)
==5973==    by 0x48AE540: g_hash_table_new_full (in /usr/lib/x86_64-linux-gnu/libglib-2.0.so.0.7200.4)
==5973==    by 0x48C9B62: ??? (in /usr/lib/x86_64-linux-gnu/libglib-2.0.so.0.7200.4)
==5973==    by 0x4889BA8: ??? (in /usr/lib/x86_64-linux-gnu/libglib-2.0.so.0.7200.4)
==5973==    by 0x400647D: call_init.part.0 (dl-init.c:70)
==5973==    by 0x4006567: call_init (dl-init.c:33)
==5973==    by 0x4006567: _dl_init (dl-init.c:117)
==5973==    by 0x40202C9: ??? (in /usr/lib/x86_64-linux-gnu/ld-linux-x86-64.so.2)
==5973==    by 0x2: ???
==5973==    by 0x1FFF0002E6: ???
==5973==    by 0x1FFF0002FB: ???
==5973== 
==5973== 64 bytes in 1 blocks are still reachable in loss record 5 of 9
==5973==    at 0x48487A9: malloc (in /usr/libexec/valgrind/vgpreload_memcheck-amd64-linux.so)
==5973==    by 0x48C9D7F: g_realloc (in /usr/lib/x86_64-linux-gnu/libglib-2.0.so.0.7200.4)
==5973==    by 0x48AB159: ??? (in /usr/lib/x86_64-linux-gnu/libglib-2.0.so.0.7200.4)
==5973==    by 0x48AE540: g_hash_table_new_full (in /usr/lib/x86_64-linux-gnu/libglib-2.0.so.0.7200.4)
==5973==    by 0x4889BB1: ??? (in /usr/lib/x86_64-linux-gnu/libglib-2.0.so.0.7200.4)
==5973==    by 0x400647D: call_init.part.0 (dl-init.c:70)
==5973==    by 0x4006567: call_init (dl-init.c:33)
==5973==    by 0x4006567: _dl_init (dl-init.c:117)
==5973==    by 0x40202C9: ??? (in /usr/lib/x86_64-linux-gnu/ld-linux-x86-64.so.2)
==5973==    by 0x2: ???
==5973==    by 0x1FFF0002E6: ???
==5973==    by 0x1FFF0002FB: ???
==5973==    by 0x1FFF00031A: ???
==5973== 
==5973== 96 bytes in 1 blocks are still reachable in loss record 6 of 9
==5973==    at 0x4848899: malloc (in /usr/libexec/valgrind/vgpreload_memcheck-amd64-linux.so)
==5973==    by 0x48C9738: g_malloc (in /usr/lib/x86_64-linux-gnu/libglib-2.0.so.0.7200.4)
==5973==    by 0x48E0B74: g_slice_alloc (in /usr/lib/x86_64-linux-gnu/libglib-2.0.so.0.7200.4)
==5973==    by 0x48AE501: g_hash_table_new_full (in /usr/lib/x86_64-linux-gnu/libglib-2.0.so.0.7200.4)
==5973==    by 0x48C9B62: ??? (in /usr/lib/x86_64-linux-gnu/libglib-2.0.so.0.7200.4)
==5973==    by 0x4889BA8: ??? (in /usr/lib/x86_64-linux-gnu/libglib-2.0.so.0.7200.4)
==5973==    by 0x400647D: call_init.part.0 (dl-init.c:70)
==5973==    by 0x4006567: call_init (dl-init.c:33)
==5973==    by 0x4006567: _dl_init (dl-init.c:117)
==5973==    by 0x40202C9: ??? (in /usr/lib/x86_64-linux-gnu/ld-linux-x86-64.so.2)
==5973==    by 0x2: ???
==5973==    by 0x1FFF0002E6: ???
==5973==    by 0x1FFF0002FB: ???
==5973== 
==5973== 96 bytes in 1 blocks are still reachable in loss record 7 of 9
==5973==    at 0x4848899: malloc (in /usr/libexec/valgrind/vgpreload_memcheck-amd64-linux.so)
==5973==    by 0x48C9738: g_malloc (in /usr/lib/x86_64-linux-gnu/libglib-2.0.so.0.7200.4)
==5973==    by 0x48E0B74: g_slice_alloc (in /usr/lib/x86_64-linux-gnu/libglib-2.0.so.0.7200.4)
==5973==    by 0x48AE501: g_hash_table_new_full (in /usr/lib/x86_64-linux-gnu/libglib-2.0.so.0.7200.4)
==5973==    by 0x4889BB1: ??? (in /usr/lib/x86_64-linux-gnu/libglib-2.0.so.0.7200.4)
==5973==    by 0x400647D: call_init.part.0 (dl-init.c:70)
==5973==    by 0x4006567: call_init (dl-init.c:33)
==5973==    by 0x4006567: _dl_init (dl-init.c:117)
==5973==    by 0x40202C9: ??? (in /usr/lib/x86_64-linux-gnu/ld-linux-x86-64.so.2)
==5973==    by 0x2: ???
==5973==    by 0x1FFF0002E6: ???
==5973==    by 0x1FFF0002FB: ???
==5973==    by 0x1FFF00031A: ???
==5973== 
==5973== 2,032 bytes in 1 blocks are still reachable in loss record 8 of 9
==5973==    at 0x484DA83: calloc (in /usr/libexec/valgrind/vgpreload_memcheck-amd64-linux.so)
==5973==    by 0x48C9C50: g_malloc0 (in /usr/lib/x86_64-linux-gnu/libglib-2.0.so.0.7200.4)
==5973==    by 0x48E0DDD: g_slice_alloc (in /usr/lib/x86_64-linux-gnu/libglib-2.0.so.0.7200.4)
==5973==    by 0x48AE501: g_hash_table_new_full (in /usr/lib/x86_64-linux-gnu/libglib-2.0.so.0.7200.4)
==5973==    by 0x48C9B62: ??? (in /usr/lib/x86_64-linux-gnu/libglib-2.0.so.0.7200.4)
==5973==    by 0x4889BA8: ??? (in /usr/lib/x86_64-linux-gnu/libglib-2.0.so.0.7200.4)
==5973==    by 0x400647D: call_init.part.0 (dl-init.c:70)
==5973==    by 0x4006567: call_init (dl-init.c:33)
==5973==    by 0x4006567: _dl_init (dl-init.c:117)
==5973==    by 0x40202C9: ??? (in /usr/lib/x86_64-linux-gnu/ld-linux-x86-64.so.2)
==5973==    by 0x2: ???
==5973==    by 0x1FFF0002E6: ???
==5973==    by 0x1FFF0002FB: ???
==5973== 
==5973== 16,384 bytes in 1 blocks are still reachable in loss record 9 of 9
==5973==    at 0x4848899: malloc (in /usr/libexec/valgrind/vgpreload_memcheck-amd64-linux.so)
==5973==    by 0x48C9738: g_malloc (in /usr/lib/x86_64-linux-gnu/libglib-2.0.so.0.7200.4)
==5973==    by 0x48C9B73: ??? (in /usr/lib/x86_64-linux-gnu/libglib-2.0.so.0.7200.4)
==5973==    by 0x4889BA8: ??? (in /usr/lib/x86_64-linux-gnu/libglib-2.0.so.0.7200.4)
==5973==    by 0x400647D: call_init.part.0 (dl-init.c:70)
==5973==    by 0x4006567: call_init (dl-init.c:33)
==5973==    by 0x4006567: _dl_init (dl-init.c:117)
==5973==    by 0x40202C9: ??? (in /usr/lib/x86_64-linux-gnu/ld-linux-x86-64.so.2)
==5973==    by 0x2: ???
==5973==    by 0x1FFF0002E6: ???
==5973==    by 0x1FFF0002FB: ???
==5973==    by 0x1FFF00031A: ???
==5973== 
==5973== LEAK SUMMARY:
==5973==    definitely lost: 0 bytes in 0 blocks
==5973==    indirectly lost: 0 bytes in 0 blocks
==5973==      possibly lost: 0 bytes in 0 blocks
==5973==    still reachable: 18,804 bytes in 9 blocks
==5973==         suppressed: 0 bytes in 0 blocks
==5973== 
==5973== For lists of detected and suppressed errors, rerun with: -s
==5973== ERROR SUMMARY: 0 errors from 0 contexts (suppressed: 0 from 0)
